This is pdfTeX, Version 3.141592653-2.6-1.40.26 (TeX Live 2024) (preloaded format=pdflatex 2025.1.7)  17 JUN 2025 03:51
entering extended mode
 restricted \write18 enabled.
 file:line:error style messages enabled.
 %&-line parsing enabled.
**beamerthemeChR.sty
(./beamerthemeChR.sty
LaTeX2e <2024-11-01> patch level 1
L3 programming layer <2024-12-09>

LaTeX Warning: You have requested file `',
               but the file provides `beamerthemeChR'.

Package: beamerthemeChR 

./beamerthemeChR.sty:3: LaTeX Error: \usepackage before \documentclass.

See the LaTeX manual or LaTeX Companion for explanation.
Type  H <return>  for immediate help.
 ...                                              
                                                  
l.3 \usepackage{
                helvet}
? 
./beamerthemeChR.sty:3: Emergency stop.
 ...                                              
                                                  
l.3 \usepackage{
                helvet}
\usepackage may only appear in the document preamble, i.e.,
between \documentclass and \begin{document}.

 
Here is how much of TeX's memory you used:
 18 strings out of 473254
 527 string characters out of 5717957
 390923 words of memory out of 5000000
 23324 multiletter control sequences out of 15000+600000
 558069 words of font info for 36 fonts, out of 8000000 for 9000
 1141 hyphenation exceptions out of 8191
 12i,0n,13p,95b,14s stack positions out of 10000i,1000n,20000p,200000b,200000s
./beamerthemeChR.sty:3:  ==> Fatal error occurred, no output PDF file produced!

